2021-07-23 11:04:53.350 [restartedMain]-INFO  (com.demonisles.schedulemanager.ScheduleManagerApplication:55)|Starting ScheduleManagerApplication using Java 1.8.0_91 on shawn.local with PID 4463 (/Users/shawn/gitee/schedule-manager/target/classes started by shawn in /Users/shawn/gitee/schedule-manager)
2021-07-23 11:04:53.354 [restartedMain]-INFO  (com.demonisles.schedulemanager.ScheduleManagerApplication:663)|No active profile set, falling back to default profiles: default
2021-07-23 11:04:53.422 [restartedMain]-INFO  (org.springframework.boot.devtools.env.DevToolsPropertyDefaultsPostProcessor:255)|Devtools property defaults active! Set 'spring.devtools.add-properties' to 'false' to disable
2021-07-23 11:04:53.422 [restartedMain]-INFO  (org.springframework.boot.devtools.env.DevToolsPropertyDefaultsPostProcessor:255)|For additional web related logging consider setting the 'logging.level.web' property to 'DEBUG'
2021-07-23 11:04:53.558 [background-preinit]-WARN  (org.springframework.http.converter.json.Jackson2ObjectMapperBuilder:127)|For Jackson Kotlin classes support please add "com.fasterxml.jackson.module:jackson-module-kotlin" to the classpath
2021-07-23 11:04:54.870 [restartedMain]-INFO  (org.springframework.data.repository.config.RepositoryConfigurationDelegate:132)|Bootstrapping Spring Data JPA repositories in DEFAULT mode.
2021-07-23 11:04:55.002 [restartedMain]-INFO  (org.springframework.data.repository.config.RepositoryConfigurationDelegate:201)|Finished Spring Data repository scanning in 118 ms. Found 5 JPA repository interfaces.
2021-07-23 11:04:56.201 [restartedMain]-INFO  (org.springframework.boot.web.embedded.tomcat.TomcatWebServer:108)|Tomcat initialized with port(s): 8080 (http)
2021-07-23 11:04:56.274 [restartedMain]-INFO  (org.apache.coyote.http11.Http11NioProtocol:173)|Initializing ProtocolHandler ["http-nio-8080"]
2021-07-23 11:04:56.275 [restartedMain]-INFO  (org.apache.catalina.core.StandardService:173)|Starting service [Tomcat]
2021-07-23 11:04:56.276 [restartedMain]-INFO  (org.apache.catalina.core.StandardEngine:173)|Starting Servlet engine: [Apache Tomcat/9.0.46]
2021-07-23 11:04:56.397 [restartedMain]-INFO  (org.apache.catalina.core.ContainerBase.[Tomcat].[localhost].[/]:173)|Initializing Spring embedded WebApplicationContext
2021-07-23 11:04:56.398 [restartedMain]-INFO  (org.springframework.boot.web.servlet.context.ServletWebServerApplicationContext:290)|Root WebApplicationContext: initialization completed in 2975 ms
2021-07-23 11:04:56.469 [restartedMain]-INFO  (com.zaxxer.hikari.HikariDataSource:110)|HikariPool-1 - Starting...
2021-07-23 11:04:56.908 [restartedMain]-INFO  (com.zaxxer.hikari.HikariDataSource:123)|HikariPool-1 - Start completed.
2021-07-23 11:04:56.918 [restartedMain]-INFO  (org.springframework.boot.autoconfigure.h2.H2ConsoleAutoConfiguration:68)|H2 console available at '/h2-console'. Database available at 'jdbc:h2:file:./data/schedule'
2021-07-23 11:04:57.227 [restartedMain]-INFO  (org.hibernate.jpa.internal.util.LogHelper:31)|HHH000204: Processing PersistenceUnitInfo [name: default]
2021-07-23 11:04:57.309 [restartedMain]-INFO  (org.hibernate.Version:44)|HHH000412: Hibernate ORM core version 5.4.31.Final
2021-07-23 11:04:57.564 [restartedMain]-INFO  (org.hibernate.annotations.common.Version:56)|HCANN000001: Hibernate Commons Annotations {5.1.2.Final}
2021-07-23 11:04:57.781 [restartedMain]-INFO  (org.hibernate.dialect.Dialect:175)|HHH000400: Using dialect: org.hibernate.dialect.H2Dialect
2021-07-23 11:04:58.809 [restartedMain]-INFO  (org.hibernate.engine.transaction.jta.platform.internal.JtaPlatformInitiator:52)|HHH000490: Using JtaPlatform implementation: [org.hibernate.engine.transaction.jta.platform.internal.NoJtaPlatform]
2021-07-23 11:04:58.821 [restartedMain]-INFO  (org.springframework.orm.jpa.LocalContainerEntityManagerFactoryBean:437)|Initialized JPA EntityManagerFactory for persistence unit 'default'
2021-07-23 11:04:59.862 [restartedMain]-WARN  (org.springframework.boot.autoconfigure.orm.jpa.JpaBaseConfiguration$JpaWebConfiguration:219)|spring.jpa.open-in-view is enabled by default. Therefore, database queries may be performed during view rendering. Explicitly configure spring.jpa.open-in-view to disable this warning
2021-07-23 11:05:00.720 [restartedMain]-INFO  (org.springframework.security.web.DefaultSecurityFilterChain:51)|Will secure Ant [pattern='/js/**'] with []
2021-07-23 11:05:00.721 [restartedMain]-INFO  (org.springframework.security.web.DefaultSecurityFilterChain:51)|Will secure Ant [pattern='/css/**'] with []
2021-07-23 11:05:00.721 [restartedMain]-INFO  (org.springframework.security.web.DefaultSecurityFilterChain:51)|Will secure Ant [pattern='/images/**'] with []
2021-07-23 11:05:00.787 [restartedMain]-INFO  (org.springframework.security.web.DefaultSecurityFilterChain:51)|Will secure any request with [org.springframework.security.web.context.request.async.WebAsyncManagerIntegrationFilter@7d5e33ab, org.springframework.security.web.context.SecurityContextPersistenceFilter@1f8ffb4, org.springframework.security.web.header.HeaderWriterFilter@68baab45, org.springframework.security.web.csrf.CsrfFilter@4ab286f, org.springframework.security.web.authentication.logout.LogoutFilter@2914be01, org.springframework.security.web.authentication.UsernamePasswordAuthenticationFilter@7e9bee16, org.springframework.security.web.savedrequest.RequestCacheAwareFilter@63dec685, org.springframework.security.web.servletapi.SecurityContextHolderAwareRequestFilter@2e5cb8d, org.springframework.security.web.authentication.AnonymousAuthenticationFilter@2609d27f, org.springframework.security.web.session.SessionManagementFilter@13e8906c, org.springframework.security.web.access.ExceptionTranslationFilter@539522f2, org.springframework.security.web.access.intercept.FilterSecurityInterceptor@3e56863d]
2021-07-23 11:05:01.813 [restartedMain]-INFO  (org.springframework.boot.devtools.autoconfigure.OptionalLiveReloadServer:58)|LiveReload server is running on port 35729
2021-07-23 11:05:01.844 [restartedMain]-INFO  (org.apache.coyote.http11.Http11NioProtocol:173)|Starting ProtocolHandler ["http-nio-8080"]
2021-07-23 11:05:01.883 [restartedMain]-INFO  (org.springframework.boot.web.embedded.tomcat.TomcatWebServer:220)|Tomcat started on port(s): 8080 (http) with context path ''
2021-07-23 11:05:01.896 [restartedMain]-INFO  (com.demonisles.schedulemanager.service.impl.ScheduleServiceImpl:40)|taskRegistrar:org.springframework.scheduling.config.ScheduledTaskRegistrar@5bc545e4
2021-07-23 11:05:01.902 [restartedMain]-INFO  (com.demonisles.schedulemanager.ScheduleManagerApplication:61)|Started ScheduleManagerApplication in 8.996 seconds (JVM running for 9.759)
2021-07-23 11:05:01.904 [restartedMain]-INFO  (org.springframework.boot.availability.ApplicationAvailabilityBean:75)|Application availability state LivenessState changed to CORRECT
2021-07-23 11:05:02.057 [restartedMain]-INFO  (org.springframework.boot.availability.ApplicationAvailabilityBean:75)|Application availability state ReadinessState changed to ACCEPTING_TRAFFIC
